<!DOCTYPE html PUBLIC "-//W3C//DTD XHTML 1.1//EN" "https://www.w3.org/TR/xhtml11/DTD/xhtml11.dtd">
<html xmlns="https://www.w3.org/1999/xhtml">
<head>
<meta http-equiv="content-type" content="text/html; charset=UTF-8"/>
<title>TestNG Report</title>
<style type="text/css">table {margin-bottom:10px;border-collapse:collapse;empty-cells:show}th,td {border:1px solid #009;padding:.25em .5em}th {vertical-align:bottom}td {vertical-align:top}table a {font-weight:bold}.stripe td {background-color: #E6EBF9}.num {text-align:right}.passedodd td {background-color: #3F3}.passedeven td {background-color: #0A0}.skippedodd td {background-color: #DDD}.skippedeven td {background-color: #CCC}.failedodd td,.attn {background-color: #F33}.failedeven td,.stripe .attn {background-color: #D00}.stacktrace {white-space:pre;font-family:monospace}.totop {font-size:85%;text-align:center;border-bottom:2px solid #000}.invisible {display:none}</style>
</head>
<body>
<table>
<tr><th>Test</th><th># Passed</th><th># Skipped</th><th># Retried</th><th># Failed</th><th>Time (ms)</th><th>Included Groups</th><th>Excluded Groups</th></tr>
<tr><th colspan="8">Command line suite</th></tr>
<tr><td><a href="#t0">Command line test</a></td><td class="num">3</td><td class="num attn">1</td><td class="num">0</td><td class="num attn">2</td><td class="num">685,337</td><td></td><td></td></tr>
</table>
<table id='summary'><thead><tr><th>Class</th><th>Method</th><th>Start</th><th>Time (ms)</th></tr></thead><tbody><tr><th colspan="4">Command line suite</th></tr></tbody><tbody id="t0"><tr><th colspan="4">Command line test &#8212; failed (configuration methods)</th></tr><tr class="failedeven"><td rowspan="1">appiumtest.AllegoiOSAppTest</td><td><a href="#m0">tearDown</a></td><td rowspan="1">1720626563221</td><td rowspan="1">124</td></tr><tr class="failedodd"><td rowspan="1">appiumtest.WebOnEmulatorLambdaTest</td><td><a href="#m1">setup</a></td><td rowspan="1">1720626561398</td><td rowspan="1">1660</td></tr><tr><th colspan="4">Command line test &#8212; failed</th></tr><tr class="failedeven"><td rowspan="1">appiumtest.CalTest</td><td><a href="#m2">openOnClickListenersOnEmulator</a></td><td rowspan="1">1720626563072</td><td rowspan="1">16</td></tr><tr class="failedodd"><td rowspan="1">appiumtest.rokuTVTest</td><td><a href="#m3">testSimple</a></td><td rowspan="1">1720626563091</td><td rowspan="1">0</td></tr><tr><th colspan="4">Command line test &#8212; skipped (configuration methods)</th></tr><tr class="skippedeven"><td rowspan="1">appiumtest.WebOnEmulatorLambdaTest</td><td><a href="#m4">tearDown</a></td><td rowspan="1">1720626563068</td><td rowspan="1">0</td></tr><tr class="skippedodd"><td rowspan="1">appiumtest.rokuTVTest</td><td><a href="#m5">tearDown</a></td><td rowspan="1">1720626563346</td><td rowspan="1">0</td></tr><tr class="skippedeven"><td rowspan="1">appiumtest.viuTest</td><td><a href="#m6">tearDown</a></td><td rowspan="1">1720626563347</td><td rowspan="1">0</td></tr><tr><th colspan="4">Command line test &#8212; skipped</th></tr><tr class="skippedeven"><td rowspan="1">appiumtest.WebOnEmulatorLambdaTest</td><td><a href="#m7">basicTest</a></td><td rowspan="1">1720626563067</td><td rowspan="1">0</td></tr><tr><th colspan="4">Command line test &#8212; passed</th></tr><tr class="passedeven"><td rowspan="1">appiumtest.AllegoiOSAppTest</td><td><a href="#m8">testSimple</a></td><td rowspan="1">1720626563092</td><td rowspan="1">128</td></tr><tr class="passedodd"><td rowspan="1">appiumtest.varoMoneyTest</td><td><a href="#m9">biometricTest</a></td><td rowspan="1">1720626558344</td><td rowspan="1">3047</td></tr><tr class="passedeven"><td rowspan="1">appiumtest.viuTest</td><td><a href="#m10">testSimple</a></td><td rowspan="1">1720626563070</td><td rowspan="1">0</td></tr></tbody>
</table>
<h2>Command line test</h2><h3 id="m0">appiumtest.AllegoiOSAppTest#tearDown</h3><table class="result"><tr><th>Exception</th></tr><tr><td><div class="stacktrace">org.openqa.selenium.WebDriverException: Unable to find the session info for particular sessionId ee580e2b-52df-4234-9a26-c97073cfa5ea, maybe session has quit already or timed out.
Build info: version: &apos;4.0.0&apos;, revision: &apos;3a21814679&apos;
System info: host: &apos;LT-MBP-079.local&apos;, ip: &apos;172.20.10.2&apos;, os.name: &apos;Mac OS X&apos;, os.arch: &apos;x86_64&apos;, os.version: &apos;14.5&apos;, java.version: &apos;20.0.1&apos;
Driver info: io.appium.java_client.ios.IOSDriver
Command: [ee580e2b-52df-4234-9a26-c97073cfa5ea, executeScript {script=lambda-status=failed, args=[]}]
Capabilities {appium:autoAcceptAlerts: true, appium:automationName: XCUITest, appium:bundleID: com.allego.ios.AllegoDemo, appium:bundleId: com.allego.ios.AllegoDemo, appium:databaseEnabled: false, appium:derivedDataPath: /Users/ltadmin/Documents/ap..., appium:deviceName: iPhone SE (2020), appium:headless: false, appium:javascriptEnabled: true, appium:locationContextEnabled: false, appium:nativeWebScreenshot: true, appium:networkConnectionEnabled: false, appium:newCommandTimeout: 0, appium:noReset: false, appium:orientation: PORTRAIT, appium:platformVersion: 17, appium:takesScreenshot: true, appium:udid: 00008030-001925EE34D0402E, appium:uiautomator2ServerLaunchTimeout: 60000, appium:usePrebuiltWDA: true, appium:waitForQuiescence: false, appium:wdaLocalPort: 11087, appium:wdaStartupRetries: 3, appium:webStorageEnabled: false, appium:webkitResponseTimeout: 20000, platformName: ios}
Session ID: ee580e2b-52df-4234-9a26-c97073cfa5ea
	at org.openqa.selenium.remote.codec.w3c.W3CHttpResponseCodec.createException(W3CHttpResponseCodec.java:200)
	at org.openqa.selenium.remote.codec.w3c.W3CHttpResponseCodec.decode(W3CHttpResponseCodec.java:133)
	at org.openqa.selenium.remote.codec.w3c.W3CHttpResponseCodec.decode(W3CHttpResponseCodec.java:53)
	at org.openqa.selenium.remote.HttpCommandExecutor.execute(HttpCommandExecutor.java:184)
	at io.appium.java_client.remote.AppiumCommandExecutor.execute(AppiumCommandExecutor.java:180)
	at org.openqa.selenium.remote.RemoteWebDriver.execute(RemoteWebDriver.java:559)
	at org.openqa.selenium.remote.RemoteWebDriver.executeScript(RemoteWebDriver.java:493)
	at appiumtest.AllegoiOSAppTest.tearDown(AllegoiOSAppTest.java:190)
... Removed 33 stack frames</div></td></tr></table><p class="totop"><a href="#summary">back to summary</a></p>
<h3 id="m1">appiumtest.WebOnEmulatorLambdaTest#setup</h3><table class="result"><tr class="param"><th>Parameter #1</th><th>Parameter #2</th></tr><tr class="param stripe"><td>public void appiumtest.WebOnEmulatorLambdaTest.basicTest() throws java.lang.InterruptedException</td><td>org.testng.TestRunner@51ec2df1</td></tr><tr><th colspan="2">Exception</th></tr><tr><td colspan="2"><div class="stacktrace">org.openqa.selenium.SessionNotCreatedException: Could not start a new session. Response code 500. Message: [APP_OS_MISMATCH] The app_id lt://APP1016053741710174003248280 specified in the ‘app’ params is not installable on simulators. Please specify a valid app_id for simulators.
Build info: version: &apos;4.0.0&apos;, revision: &apos;3a21814679&apos;
System info: host: &apos;LT-MBP-079.local&apos;, ip: &apos;172.20.10.2&apos;, os.name: &apos;Mac OS X&apos;, os.arch: &apos;x86_64&apos;, os.version: &apos;14.5&apos;, java.version: &apos;20.0.1&apos;
Driver info: org.openqa.selenium.remote.RemoteWebDriver
Command: [null, newSession {capabilities=[Capabilities {LT:Options: {accessKey: dboZK7so8koMnIR1tN11aKfMgxy..., app: lt://APP1016053741710174003..., build: debug, deviceName: iPad (9th generation), platformName: ios, platformVersion: 16.0, user: rahulkumarlambdatest, visual: true, w3c: true}}], desiredCapabilities=Capabilities {LT:Options: {accessKey: dboZK7so8koMnIR1tN11aKfMgxy..., app: lt://APP1016053741710174003..., build: debug, deviceName: iPad (9th generation), platformName: ios, platformVersion: 16.0, user: rahulkumarlambdatest, visual: true, w3c: true}}}]
Capabilities {}
	at org.openqa.selenium.remote.ProtocolHandshake.createSession(ProtocolHandshake.java:126)
	at org.openqa.selenium.remote.ProtocolHandshake.createSession(ProtocolHandshake.java:84)
	at org.openqa.selenium.remote.ProtocolHandshake.createSession(ProtocolHandshake.java:62)
	at org.openqa.selenium.remote.HttpCommandExecutor.execute(HttpCommandExecutor.java:156)
	at org.openqa.selenium.remote.TracedCommandExecutor.execute(TracedCommandExecutor.java:39)
	at org.openqa.selenium.remote.RemoteWebDriver.execute(RemoteWebDriver.java:559)
	at org.openqa.selenium.remote.RemoteWebDriver.startSession(RemoteWebDriver.java:246)
	at org.openqa.selenium.remote.RemoteWebDriver.&lt;init&gt;(RemoteWebDriver.java:168)
	at org.openqa.selenium.remote.RemoteWebDriver.&lt;init&gt;(RemoteWebDriver.java:146)
	at appiumtest.WebOnEmulatorLambdaTest.setup(WebOnEmulatorLambdaTest.java:60)
	at java.base/java.util.ArrayList.forEach(ArrayList.java:1511)
... Removed 37 stack frames</div></td></tr></table><p class="totop"><a href="#summary">back to summary</a></p>
<h3 id="m2">appiumtest.CalTest#openOnClickListenersOnEmulator</h3><table class="result"><tr><th>Exception</th></tr><tr><td><div class="stacktrace">org.openqa.selenium.SessionNotCreatedException: Could not start a new session. Possible causes are invalid address of the remote server or browser start-up failure.
	at org.openqa.selenium.remote.RemoteWebDriver.execute(RemoteWebDriver.java:577)
	at io.appium.java_client.AppiumDriver.startSession(AppiumDriver.java:225)
	at org.openqa.selenium.remote.RemoteWebDriver.&lt;init&gt;(RemoteWebDriver.java:168)
	at io.appium.java_client.AppiumDriver.&lt;init&gt;(AppiumDriver.java:79)
	at io.appium.java_client.AppiumDriver.&lt;init&gt;(AppiumDriver.java:87)
	at appiumtest.CalTest.openOnClickListenersOnEmulator(CalTest.java:94)
	at java.base/java.util.ArrayList.forEach(ArrayList.java:1511)
Caused by: org.openqa.selenium.WebDriverException: Connection refused
Build info: version: &apos;4.0.0&apos;, revision: &apos;3a21814679&apos;
System info: host: &apos;LT-MBP-079.local&apos;, ip: &apos;172.20.10.2&apos;, os.name: &apos;Mac OS X&apos;, os.arch: &apos;x86_64&apos;, os.version: &apos;14.5&apos;, java.version: &apos;20.0.1&apos;
Driver info: driver.version: AppiumDriver
	at io.appium.java_client.remote.AppiumCommandExecutor.lambda$execute$4(AppiumCommandExecutor.java:192)
	at java.base/java.util.Optional.orElseGet(Optional.java:364)
	at io.appium.java_client.remote.AppiumCommandExecutor.execute(AppiumCommandExecutor.java:191)
	at org.openqa.selenium.remote.RemoteWebDriver.execute(RemoteWebDriver.java:559)
	... 39 more
Caused by: java.net.ConnectException: Connection refused
	at java.base/sun.nio.ch.Net.pollConnect(Native Method)
	at java.base/sun.nio.ch.Net.pollConnectNow(Net.java:673)
	at java.base/sun.nio.ch.SocketChannelImpl.finishConnect(SocketChannelImpl.java:973)
	at io.netty.channel.socket.nio.NioSocketChannel.doFinishConnect(NioSocketChannel.java:330)
	at io.netty.channel.nio.AbstractNioChannel$AbstractNioUnsafe.finishConnect(AbstractNioChannel.java:334)
	at io.netty.channel.nio.NioEventLoop.processSelectedKey(NioEventLoop.java:707)
	at io.netty.channel.nio.NioEventLoop.processSelectedKeysOptimized(NioEventLoop.java:655)
	at io.netty.channel.nio.NioEventLoop.processSelectedKeys(NioEventLoop.java:581)
	at io.netty.channel.nio.NioEventLoop.run(NioEventLoop.java:493)
	at io.netty.util.concurrent.SingleThreadEventExecutor$4.run(SingleThreadEventExecutor.java:986)
	at io.netty.util.internal.ThreadExecutorMap$2.run(ThreadExecutorMap.java:74)
	at io.netty.util.concurrent.FastThreadLocalRunnable.run(FastThreadLocalRunnable.java:30)
	at java.base/java.lang.Thread.run(Thread.java:1623)
... Removed 33 stack frames</div></td></tr></table><p class="totop"><a href="#summary">back to summary</a></p>
<h3 id="m3">appiumtest.rokuTVTest#testSimple</h3><table class="result"><tr><th>Exception</th></tr><tr><td><div class="stacktrace">java.lang.NullPointerException: Cannot invoke &quot;io.appium.java_client.AppiumDriver.findElement(org.openqa.selenium.By)&quot; because &quot;this.driver&quot; is null
	at appiumtest.rokuTVTest.testSimple(rokuTVTest.java:81)
	at java.base/java.util.ArrayList.forEach(ArrayList.java:1511)
... Removed 33 stack frames</div></td></tr></table><p class="totop"><a href="#summary">back to summary</a></p>
<h3 id="m4">appiumtest.WebOnEmulatorLambdaTest#tearDown</h3><table class="result"><tr><th class="invisible"/></tr></table><p class="totop"><a href="#summary">back to summary</a></p>
<h3 id="m5">appiumtest.rokuTVTest#tearDown</h3><table class="result"><tr><th class="invisible"/></tr></table><p class="totop"><a href="#summary">back to summary</a></p>
<h3 id="m6">appiumtest.viuTest#tearDown</h3><table class="result"><tr><th class="invisible"/></tr></table><p class="totop"><a href="#summary">back to summary</a></p>
<h3 id="m7">appiumtest.WebOnEmulatorLambdaTest#basicTest</h3><table class="result"><tr><th>Exception</th></tr><tr><td><div class="stacktrace">org.openqa.selenium.SessionNotCreatedException: Could not start a new session. Response code 500. Message: [APP_OS_MISMATCH] The app_id lt://APP1016053741710174003248280 specified in the ‘app’ params is not installable on simulators. Please specify a valid app_id for simulators.
Build info: version: &apos;4.0.0&apos;, revision: &apos;3a21814679&apos;
System info: host: &apos;LT-MBP-079.local&apos;, ip: &apos;172.20.10.2&apos;, os.name: &apos;Mac OS X&apos;, os.arch: &apos;x86_64&apos;, os.version: &apos;14.5&apos;, java.version: &apos;20.0.1&apos;
Driver info: org.openqa.selenium.remote.RemoteWebDriver
Command: [null, newSession {capabilities=[Capabilities {LT:Options: {accessKey: dboZK7so8koMnIR1tN11aKfMgxy..., app: lt://APP1016053741710174003..., build: debug, deviceName: iPad (9th generation), platformName: ios, platformVersion: 16.0, user: rahulkumarlambdatest, visual: true, w3c: true}}], desiredCapabilities=Capabilities {LT:Options: {accessKey: dboZK7so8koMnIR1tN11aKfMgxy..., app: lt://APP1016053741710174003..., build: debug, deviceName: iPad (9th generation), platformName: ios, platformVersion: 16.0, user: rahulkumarlambdatest, visual: true, w3c: true}}}]
Capabilities {}
	at org.openqa.selenium.remote.ProtocolHandshake.createSession(ProtocolHandshake.java:126)
	at org.openqa.selenium.remote.ProtocolHandshake.createSession(ProtocolHandshake.java:84)
	at org.openqa.selenium.remote.ProtocolHandshake.createSession(ProtocolHandshake.java:62)
	at org.openqa.selenium.remote.HttpCommandExecutor.execute(HttpCommandExecutor.java:156)
	at org.openqa.selenium.remote.TracedCommandExecutor.execute(TracedCommandExecutor.java:39)
	at org.openqa.selenium.remote.RemoteWebDriver.execute(RemoteWebDriver.java:559)
	at org.openqa.selenium.remote.RemoteWebDriver.startSession(RemoteWebDriver.java:246)
	at org.openqa.selenium.remote.RemoteWebDriver.&lt;init&gt;(RemoteWebDriver.java:168)
	at org.openqa.selenium.remote.RemoteWebDriver.&lt;init&gt;(RemoteWebDriver.java:146)
	at appiumtest.WebOnEmulatorLambdaTest.setup(WebOnEmulatorLambdaTest.java:60)
	at java.base/java.util.ArrayList.forEach(ArrayList.java:1511)
... Removed 37 stack frames</div></td></tr></table><p class="totop"><a href="#summary">back to summary</a></p>
<h3 id="m8">appiumtest.AllegoiOSAppTest#testSimple</h3><table class="result"><tr><th class="invisible"/></tr></table><p class="totop"><a href="#summary">back to summary</a></p>
<h3 id="m9">appiumtest.varoMoneyTest#biometricTest</h3><table class="result"><tr><th class="invisible"/></tr></table><p class="totop"><a href="#summary">back to summary</a></p>
<h3 id="m10">appiumtest.viuTest#testSimple</h3><table class="result"><tr><th class="invisible"/></tr></table><p class="totop"><a href="#summary">back to summary</a></p>
</body>
</html>
