<?xml version="1.0" encoding="UTF-8" ?>
<testsuite tests="11" failures="4" name="TestSuite" time="8.693" errors="0" skipped="4">
  <properties>
    <property name="jansi.mode" value="force"/>
    <property name="java.runtime.name" value="Java(TM) SE Runtime Environment"/>
    <property name="java.vm.version" value="20.0.1+9-29"/>
    <property name="sun.boot.library.path" value="/Library/Java/JavaVirtualMachines/jdk-20.jdk/Contents/Home/lib"/>
    <property name="maven.multiModuleProjectDirectory" value="/Users/rahulkumar/eclipse-workspace/appiumtest"/>
    <property name="java.vm.vendor" value="Oracle Corporation"/>
    <property name="java.vendor.url" value="https://java.oracle.com/"/>
    <property name="guice.disable.misplaced.annotation.check" value="true"/>
    <property name="path.separator" value=":"/>
    <property name="java.vm.name" value="Java HotSpot(TM) 64-Bit Server VM"/>
    <property name="user.country" value="GB"/>
    <property name="sun.java.launcher" value="SUN_STANDARD"/>
    <property name="java.vm.specification.name" value="Java Virtual Machine Specification"/>
    <property name="user.dir" value="/Users/rahulkumar/eclipse-workspace/appiumtest"/>
    <property name="java.vm.compressedOopsMode" value="Zero based"/>
    <property name="java.runtime.version" value="20.0.1+9-29"/>
    <property name="os.arch" value="x86_64"/>
    <property name="java.io.tmpdir" value="/var/folders/l4/k_dj0_jd7998skz0hldxl6r80000gp/T/"/>
    <property name="line.separator" value="
"/>
    <property name="java.vm.specification.vendor" value="Oracle Corporation"/>
    <property name="stderr.encoding" value="UTF-8"/>
    <property name="os.name" value="Mac OS X"/>
    <property name="classworlds.conf" value="/Users/rahulkumar/eclipse-workspace/.metadata/.plugins/org.eclipse.m2e.launching/launches/m2conf2722940615381680378.tmp"/>
    <property name="sun.jnu.encoding" value="UTF-8"/>
    <property name="stdout.encoding" value="UTF-8"/>
    <property name="java.library.path" value="/Users/rahulkumar/Library/Java/Extensions:/Library/Java/Extensions:/Network/Library/Java/Extensions:/System/Library/Java/Extensions:/usr/lib/java:."/>
    <property name="jdk.debug" value="release"/>
    <property name="java.class.version" value="64.0"/>
    <property name="java.specification.name" value="Java Platform API Specification"/>
    <property name="sun.management.compiler" value="HotSpot 64-Bit Tiered Compilers"/>
    <property name="os.version" value="14.5"/>
    <property name="http.nonProxyHosts" value="local|*.local|169.254/16|*.169.254/16"/>
    <property name="user.home" value="/Users/rahulkumar"/>
    <property name="user.timezone" value="Asia/Kolkata"/>
    <property name="file.encoding" value="UTF-8"/>
    <property name="java.specification.version" value="20"/>
    <property name="user.name" value="rahulkumar"/>
    <property name="java.class.path" value="/Users/rahulkumar/.p2/pool/plugins/org.eclipse.m2e.maven.runtime_3.8.701.20230209-1606/jars/plexus-classworlds-2.6.0.jar"/>
    <property name="java.vm.specification.version" value="20"/>
    <property name="sun.arch.data.model" value="64"/>
    <property name="sun.java.command" value="org.codehaus.plexus.classworlds.launcher.Launcher -B -Dstyle.color=always install"/>
    <property name="java.home" value="/Library/Java/JavaVirtualMachines/jdk-20.jdk/Contents/Home"/>
    <property name="apple.awt.application.name" value="Launcher"/>
    <property name="user.language" value="en"/>
    <property name="java.specification.vendor" value="Oracle Corporation"/>
    <property name="java.vm.info" value="mixed mode, sharing"/>
    <property name="java.version" value="20.0.1"/>
    <property name="native.encoding" value="UTF-8"/>
    <property name="java.vendor" value="Oracle Corporation"/>
    <property name="maven.home" value="/Users/rahulkumar/eclipse-workspace/appiumtest/EMBEDDED"/>
    <property name="style.color" value="always"/>
    <property name="file.separator" value="/"/>
    <property name="java.version.date" value="2023-04-18"/>
    <property name="java.vendor.url.bug" value="https://bugreport.java.com/bugreport/"/>
    <property name="sun.io.unicode.encoding" value="UnicodeBig"/>
    <property name="sun.cpu.endian" value="little"/>
    <property name="m2e.build.project.data.socket.port" value="55529"/>
    <property name="socksNonProxyHosts" value="local|*.local|169.254/16|*.169.254/16"/>
    <property name="ftp.nonProxyHosts" value="local|*.local|169.254/16|*.169.254/16"/>
  </properties>
  <testcase classname="appiumtest.varoMoneyTest" name="biometricTest" time="3.057"/>
  <testcase classname="appiumtest.WebOnEmulatorLambdaTest" name="setup" time="4.722">
    <failure message="Could not start a new session. Response code 500. Message: [APP_OS_MISMATCH] The app_id lt://APP1016053741710174003248280 specified in the ‘app’ params is not installable on simulators. Please specify a valid app_id for simulators.
Build info: version: &apos;4.0.0&apos;, revision: &apos;3a21814679&apos;
System info: host: &apos;LT-MBP-079.local&apos;, ip: &apos;172.20.10.2&apos;, os.name: &apos;Mac OS X&apos;, os.arch: &apos;x86_64&apos;, os.version: &apos;14.5&apos;, java.version: &apos;20.0.1&apos;
Driver info: org.openqa.selenium.remote.RemoteWebDriver
Command: [null, newSession {capabilities=[Capabilities {LT:Options: {accessKey: dboZK7so8koMnIR1tN11aKfMgxy..., app: lt://APP1016053741710174003..., build: debug, deviceName: iPad (9th generation), platformName: ios, platformVersion: 16.0, user: rahulkumarlambdatest, visual: true, w3c: true}}], desiredCapabilities=Capabilities {LT:Options: {accessKey: dboZK7so8koMnIR1tN11aKfMgxy..., app: lt://APP1016053741710174003..., build: debug, deviceName: iPad (9th generation), platformName: ios, platformVersion: 16.0, user: rahulkumarlambdatest, visual: true, w3c: true}}}]
Capabilities {}" type="org.openqa.selenium.SessionNotCreatedException">org.openqa.selenium.SessionNotCreatedException: Could not start a new session. Response code 500. Message: [APP_OS_MISMATCH] The app_id lt://APP1016053741710174003248280 specified in the ‘app’ params is not installable on simulators. Please specify a valid app_id for simulators.
Build info: version: &apos;4.0.0&apos;, revision: &apos;3a21814679&apos;
System info: host: &apos;LT-MBP-079.local&apos;, ip: &apos;172.20.10.2&apos;, os.name: &apos;Mac OS X&apos;, os.arch: &apos;x86_64&apos;, os.version: &apos;14.5&apos;, java.version: &apos;20.0.1&apos;
Driver info: org.openqa.selenium.remote.RemoteWebDriver
Command: [null, newSession {capabilities=[Capabilities {LT:Options: {accessKey: dboZK7so8koMnIR1tN11aKfMgxy..., app: lt://APP1016053741710174003..., build: debug, deviceName: iPad (9th generation), platformName: ios, platformVersion: 16.0, user: rahulkumarlambdatest, visual: true, w3c: true}}], desiredCapabilities=Capabilities {LT:Options: {accessKey: dboZK7so8koMnIR1tN11aKfMgxy..., app: lt://APP1016053741710174003..., build: debug, deviceName: iPad (9th generation), platformName: ios, platformVersion: 16.0, user: rahulkumarlambdatest, visual: true, w3c: true}}}]
Capabilities {}
	at org.openqa.selenium.remote.ProtocolHandshake.createSession(ProtocolHandshake.java:126)
	at org.openqa.selenium.remote.ProtocolHandshake.createSession(ProtocolHandshake.java:84)
	at org.openqa.selenium.remote.ProtocolHandshake.createSession(ProtocolHandshake.java:62)
	at org.openqa.selenium.remote.HttpCommandExecutor.execute(HttpCommandExecutor.java:156)
	at org.openqa.selenium.remote.TracedCommandExecutor.execute(TracedCommandExecutor.java:39)
	at org.openqa.selenium.remote.RemoteWebDriver.execute(RemoteWebDriver.java:559)
	at org.openqa.selenium.remote.RemoteWebDriver.startSession(RemoteWebDriver.java:246)
	at org.openqa.selenium.remote.RemoteWebDriver.&lt;init&gt;(RemoteWebDriver.java:168)
	at org.openqa.selenium.remote.RemoteWebDriver.&lt;init&gt;(RemoteWebDriver.java:146)
	at appiumtest.WebOnEmulatorLambdaTest.setup(WebOnEmulatorLambdaTest.java:60)
</failure>
    <system-err>Jul 10, 2024 9:19:21 PM org.openqa.selenium.remote.tracing.opentelemetry.OpenTelemetryTracer createTracer
INFO: Using OpenTelemetry for tracing
</system-err>
  </testcase>
  <testcase classname="appiumtest.WebOnEmulatorLambdaTest" name="basicTest" time="0">
    <skipped/>
  </testcase>
  <testcase classname="appiumtest.WebOnEmulatorLambdaTest" name="tearDown" time="0">
    <skipped/>
  </testcase>
  <testcase classname="appiumtest.viuTest" name="testSimple" time="0.001"/>
  <testcase classname="appiumtest.CalTest" name="openOnClickListenersOnEmulator" time="0.018">
    <failure message="Could not start a new session. Possible causes are invalid address of the remote server or browser start-up failure." type="org.openqa.selenium.SessionNotCreatedException">org.openqa.selenium.SessionNotCreatedException: Could not start a new session. Possible causes are invalid address of the remote server or browser start-up failure.
	at org.openqa.selenium.remote.RemoteWebDriver.execute(RemoteWebDriver.java:577)
	at io.appium.java_client.AppiumDriver.startSession(AppiumDriver.java:225)
	at org.openqa.selenium.remote.RemoteWebDriver.&lt;init&gt;(RemoteWebDriver.java:168)
	at io.appium.java_client.AppiumDriver.&lt;init&gt;(AppiumDriver.java:79)
	at io.appium.java_client.AppiumDriver.&lt;init&gt;(AppiumDriver.java:87)
	at appiumtest.CalTest.openOnClickListenersOnEmulator(CalTest.java:94)
Caused by: org.openqa.selenium.WebDriverException: Connection refused
Build info: version: &apos;4.0.0&apos;, revision: &apos;3a21814679&apos;
System info: host: &apos;LT-MBP-079.local&apos;, ip: &apos;172.20.10.2&apos;, os.name: &apos;Mac OS X&apos;, os.arch: &apos;x86_64&apos;, os.version: &apos;14.5&apos;, java.version: &apos;20.0.1&apos;
Driver info: driver.version: AppiumDriver
	at io.appium.java_client.remote.AppiumCommandExecutor.lambda$execute$4(AppiumCommandExecutor.java:192)
	at java.base/java.util.Optional.orElseGet(Optional.java:364)
	at io.appium.java_client.remote.AppiumCommandExecutor.execute(AppiumCommandExecutor.java:191)
	at org.openqa.selenium.remote.RemoteWebDriver.execute(RemoteWebDriver.java:559)
	... 39 more
Caused by: java.net.ConnectException: Connection refused
	at java.base/sun.nio.ch.Net.pollConnect(Native Method)
	at java.base/sun.nio.ch.Net.pollConnectNow(Net.java:673)
	at java.base/sun.nio.ch.SocketChannelImpl.finishConnect(SocketChannelImpl.java:973)
	at io.netty.channel.socket.nio.NioSocketChannel.doFinishConnect(NioSocketChannel.java:330)
	at io.netty.channel.nio.AbstractNioChannel$AbstractNioUnsafe.finishConnect(AbstractNioChannel.java:334)
	at io.netty.channel.nio.NioEventLoop.processSelectedKey(NioEventLoop.java:707)
	at io.netty.channel.nio.NioEventLoop.processSelectedKeysOptimized(NioEventLoop.java:655)
	at io.netty.channel.nio.NioEventLoop.processSelectedKeys(NioEventLoop.java:581)
	at io.netty.channel.nio.NioEventLoop.run(NioEventLoop.java:493)
	at io.netty.util.concurrent.SingleThreadEventExecutor$4.run(SingleThreadEventExecutor.java:986)
	at io.netty.util.internal.ThreadExecutorMap$2.run(ThreadExecutorMap.java:74)
	at io.netty.util.concurrent.FastThreadLocalRunnable.run(FastThreadLocalRunnable.java:30)
	at java.base/java.lang.Thread.run(Thread.java:1623)
</failure>
  </testcase>
  <testcase classname="appiumtest.rokuTVTest" name="testSimple" time="0.001">
    <failure message="Cannot invoke &quot;io.appium.java_client.AppiumDriver.findElement(org.openqa.selenium.By)&quot; because &quot;this.driver&quot; is null" type="java.lang.NullPointerException">java.lang.NullPointerException: Cannot invoke &quot;io.appium.java_client.AppiumDriver.findElement(org.openqa.selenium.By)&quot; because &quot;this.driver&quot; is null
	at appiumtest.rokuTVTest.testSimple(rokuTVTest.java:81)
</failure>
  </testcase>
  <testcase classname="appiumtest.AllegoiOSAppTest" name="testSimple" time="0.129"/>
  <testcase classname="appiumtest.AllegoiOSAppTest" name="tearDown" time="0.255">
    <failure message="Unable to find the session info for particular sessionId ee580e2b-52df-4234-9a26-c97073cfa5ea, maybe session has quit already or timed out.
Build info: version: &apos;4.0.0&apos;, revision: &apos;3a21814679&apos;
System info: host: &apos;LT-MBP-079.local&apos;, ip: &apos;172.20.10.2&apos;, os.name: &apos;Mac OS X&apos;, os.arch: &apos;x86_64&apos;, os.version: &apos;14.5&apos;, java.version: &apos;20.0.1&apos;
Driver info: io.appium.java_client.ios.IOSDriver
Command: [ee580e2b-52df-4234-9a26-c97073cfa5ea, executeScript {script=lambda-status=failed, args=[]}]
Capabilities {appium:autoAcceptAlerts: true, appium:automationName: XCUITest, appium:bundleID: com.allego.ios.AllegoDemo, appium:bundleId: com.allego.ios.AllegoDemo, appium:databaseEnabled: false, appium:derivedDataPath: /Users/ltadmin/Documents/ap..., appium:deviceName: iPhone SE (2020), appium:headless: false, appium:javascriptEnabled: true, appium:locationContextEnabled: false, appium:nativeWebScreenshot: true, appium:networkConnectionEnabled: false, appium:newCommandTimeout: 0, appium:noReset: false, appium:orientation: PORTRAIT, appium:platformVersion: 17, appium:takesScreenshot: true, appium:udid: 00008030-001925EE34D0402E, appium:uiautomator2ServerLaunchTimeout: 60000, appium:usePrebuiltWDA: true, appium:waitForQuiescence: false, appium:wdaLocalPort: 11087, appium:wdaStartupRetries: 3, appium:webStorageEnabled: false, appium:webkitResponseTimeout: 20000, platformName: ios}
Session ID: ee580e2b-52df-4234-9a26-c97073cfa5ea" type="org.openqa.selenium.WebDriverException">org.openqa.selenium.WebDriverException: Unable to find the session info for particular sessionId ee580e2b-52df-4234-9a26-c97073cfa5ea, maybe session has quit already or timed out.
Build info: version: &apos;4.0.0&apos;, revision: &apos;3a21814679&apos;
System info: host: &apos;LT-MBP-079.local&apos;, ip: &apos;172.20.10.2&apos;, os.name: &apos;Mac OS X&apos;, os.arch: &apos;x86_64&apos;, os.version: &apos;14.5&apos;, java.version: &apos;20.0.1&apos;
Driver info: io.appium.java_client.ios.IOSDriver
Command: [ee580e2b-52df-4234-9a26-c97073cfa5ea, executeScript {script=lambda-status=failed, args=[]}]
Capabilities {appium:autoAcceptAlerts: true, appium:automationName: XCUITest, appium:bundleID: com.allego.ios.AllegoDemo, appium:bundleId: com.allego.ios.AllegoDemo, appium:databaseEnabled: false, appium:derivedDataPath: /Users/ltadmin/Documents/ap..., appium:deviceName: iPhone SE (2020), appium:headless: false, appium:javascriptEnabled: true, appium:locationContextEnabled: false, appium:nativeWebScreenshot: true, appium:networkConnectionEnabled: false, appium:newCommandTimeout: 0, appium:noReset: false, appium:orientation: PORTRAIT, appium:platformVersion: 17, appium:takesScreenshot: true, appium:udid: 00008030-001925EE34D0402E, appium:uiautomator2ServerLaunchTimeout: 60000, appium:usePrebuiltWDA: true, appium:waitForQuiescence: false, appium:wdaLocalPort: 11087, appium:wdaStartupRetries: 3, appium:webStorageEnabled: false, appium:webkitResponseTimeout: 20000, platformName: ios}
Session ID: ee580e2b-52df-4234-9a26-c97073cfa5ea
	at java.base/jdk.internal.reflect.DirectConstructorHandleAccessor.newInstance(DirectConstructorHandleAccessor.java:67)
	at java.base/java.lang.reflect.Constructor.newInstanceWithCaller(Constructor.java:500)
	at java.base/java.lang.reflect.Constructor.newInstance(Constructor.java:484)
	at org.openqa.selenium.remote.codec.w3c.W3CHttpResponseCodec.createException(W3CHttpResponseCodec.java:200)
	at org.openqa.selenium.remote.codec.w3c.W3CHttpResponseCodec.decode(W3CHttpResponseCodec.java:133)
	at org.openqa.selenium.remote.codec.w3c.W3CHttpResponseCodec.decode(W3CHttpResponseCodec.java:53)
	at org.openqa.selenium.remote.HttpCommandExecutor.execute(HttpCommandExecutor.java:184)
	at io.appium.java_client.remote.AppiumCommandExecutor.execute(AppiumCommandExecutor.java:180)
	at org.openqa.selenium.remote.RemoteWebDriver.execute(RemoteWebDriver.java:559)
	at org.openqa.selenium.remote.RemoteWebDriver.executeScript(RemoteWebDriver.java:493)
	at appiumtest.AllegoiOSAppTest.tearDown(AllegoiOSAppTest.java:190)
</failure>
  </testcase>
  <testcase classname="appiumtest.rokuTVTest" name="tearDown" time="0.255">
    <skipped/>
  </testcase>
  <testcase classname="appiumtest.viuTest" name="tearDown" time="0.255">
    <skipped/>
  </testcase>
</testsuite>