<?xml version="1.0" encoding="UTF-8"?>
<!-- Generated by org.testng.reporters.JUnitReportReporter -->
<testsuite hostname="LT-MBP-079.local" failures="0" tests="2" name="appiumtest.AllegoiOSAppTest" time="0.252" errors="1" timestamp="2024-07-10T21:19:23 IST" skipped="0">
  <testcase classname="appiumtest.AllegoiOSAppTest" name="tearDown" time="0.124">
    <error message="Unable to find the session info for particular sessionId ee580e2b-52df-4234-9a26-c97073cfa5ea, maybe session has quit already or timed out.
Build info: version: &#039;4.0.0&#039;, revision: &#039;3a21814679&#039;
System info: host: &#039;LT-MBP-079.local&#039;, ip: &#039;172.20.10.2&#039;, os.name: &#039;Mac OS X&#039;, os.arch: &#039;x86_64&#039;, os.version: &#039;14.5&#039;, java.version: &#039;20.0.1&#039;
Driver info: io.appium.java_client.ios.IOSDriver
Command: [ee580e2b-52df-4234-9a26-c97073cfa5ea, executeScript {script=lambda-status=failed, args=[]}]
Capabilities {appium:autoAcceptAlerts: true, appium:automationName: XCUITest, appium:bundleID: com.allego.ios.AllegoDemo, appium:bundleId: com.allego.ios.AllegoDemo, appium:databaseEnabled: false, appium:derivedDataPath: /Users/ltadmin/Documents/ap..., appium:deviceName: iPhone SE (2020), appium:headless: false, appium:javascriptEnabled: true, appium:locationContextEnabled: false, appium:nativeWebScreenshot: true, appium:networkConnectionEnabled: false, appium:newCommandTimeout: 0, appium:noReset: false, appium:orientation: PORTRAIT, appium:platformVersion: 17, appium:takesScreenshot: true, appium:udid: 00008030-001925EE34D0402E, appium:uiautomator2ServerLaunchTimeout: 60000, appium:usePrebuiltWDA: true, appium:waitForQuiescence: false, appium:wdaLocalPort: 11087, appium:wdaStartupRetries: 3, appium:webStorageEnabled: false, appium:webkitResponseTimeout: 20000, platformName: ios}
Session ID: ee580e2b-52df-4234-9a26-c97073cfa5ea" type="org.openqa.selenium.WebDriverException">
      <![CDATA[org.openqa.selenium.WebDriverException: Unable to find the session info for particular sessionId ee580e2b-52df-4234-9a26-c97073cfa5ea, maybe session has quit already or timed out.
Build info: version: '4.0.0', revision: '3a21814679'
System info: host: 'LT-MBP-079.local', ip: '172.20.10.2', os.name: 'Mac OS X', os.arch: 'x86_64', os.version: '14.5', java.version: '20.0.1'
Driver info: io.appium.java_client.ios.IOSDriver
Command: [ee580e2b-52df-4234-9a26-c97073cfa5ea, executeScript {script=lambda-status=failed, args=[]}]
Capabilities {appium:autoAcceptAlerts: true, appium:automationName: XCUITest, appium:bundleID: com.allego.ios.AllegoDemo, appium:bundleId: com.allego.ios.AllegoDemo, appium:databaseEnabled: false, appium:derivedDataPath: /Users/ltadmin/Documents/ap..., appium:deviceName: iPhone SE (2020), appium:headless: false, appium:javascriptEnabled: true, appium:locationContextEnabled: false, appium:nativeWebScreenshot: true, appium:networkConnectionEnabled: false, appium:newCommandTimeout: 0, appium:noReset: false, appium:orientation: PORTRAIT, appium:platformVersion: 17, appium:takesScreenshot: true, appium:udid: 00008030-001925EE34D0402E, appium:uiautomator2ServerLaunchTimeout: 60000, appium:usePrebuiltWDA: true, appium:waitForQuiescence: false, appium:wdaLocalPort: 11087, appium:wdaStartupRetries: 3, appium:webStorageEnabled: false, appium:webkitResponseTimeout: 20000, platformName: ios}
Session ID: ee580e2b-52df-4234-9a26-c97073cfa5ea
at java.base/jdk.internal.reflect.DirectConstructorHandleAccessor.newInstance(DirectConstructorHandleAccessor.java:67)
at java.base/java.lang.reflect.Constructor.newInstanceWithCaller(Constructor.java:500)
at java.base/java.lang.reflect.Constructor.newInstance(Constructor.java:484)
at org.openqa.selenium.remote.codec.w3c.W3CHttpResponseCodec.createException(W3CHttpResponseCodec.java:200)
at org.openqa.selenium.remote.codec.w3c.W3CHttpResponseCodec.decode(W3CHttpResponseCodec.java:133)
at org.openqa.selenium.remote.codec.w3c.W3CHttpResponseCodec.decode(W3CHttpResponseCodec.java:53)
at org.openqa.selenium.remote.HttpCommandExecutor.execute(HttpCommandExecutor.java:184)
at io.appium.java_client.remote.AppiumCommandExecutor.execute(AppiumCommandExecutor.java:180)
at org.openqa.selenium.remote.RemoteWebDriver.execute(RemoteWebDriver.java:559)
at org.openqa.selenium.remote.RemoteWebDriver.executeScript(RemoteWebDriver.java:493)
at appiumtest.AllegoiOSAppTest.tearDown(AllegoiOSAppTest.java:190)
at java.base/jdk.internal.reflect.DirectMethodHandleAccessor.invoke(DirectMethodHandleAccessor.java:104)
at java.base/java.lang.reflect.Method.invoke(Method.java:578)
at org.testng.internal.invokers.MethodInvocationHelper.invokeMethod(MethodInvocationHelper.java:139)
at org.testng.internal.invokers.MethodInvocationHelper.invokeMethodConsideringTimeout(MethodInvocationHelper.java:69)
at org.testng.internal.invokers.ConfigInvoker.invokeConfigurationMethod(ConfigInvoker.java:361)
at org.testng.internal.invokers.ConfigInvoker.invokeConfigurations(ConfigInvoker.java:296)
at org.testng.TestRunner.invokeTestConfigurations(TestRunner.java:644)
at org.testng.TestRunner.afterRun(TestRunner.java:914)
at org.testng.TestRunner.run(TestRunner.java:605)
at org.testng.SuiteRunner.runTest(SuiteRunner.java:437)
at org.testng.SuiteRunner.runSequentially(SuiteRunner.java:431)
at org.testng.SuiteRunner.privateRun(SuiteRunner.java:391)
at org.testng.SuiteRunner.run(SuiteRunner.java:330)
at org.testng.SuiteRunnerWorker.runSuite(SuiteRunnerWorker.java:52)
at org.testng.SuiteRunnerWorker.run(SuiteRunnerWorker.java:95)
at org.testng.TestNG.runSuitesSequentially(TestNG.java:1256)
at org.testng.TestNG.runSuitesLocally(TestNG.java:1176)
at org.testng.TestNG.runSuites(TestNG.java:1099)
at org.testng.TestNG.run(TestNG.java:1067)
at org.apache.maven.surefire.testng.TestNGExecutor.run(TestNGExecutor.java:77)
at org.apache.maven.surefire.testng.TestNGDirectoryTestSuite.executeMulti(TestNGDirectoryTestSuite.java:159)
at org.apache.maven.surefire.testng.TestNGDirectoryTestSuite.execute(TestNGDirectoryTestSuite.java:99)
at org.apache.maven.surefire.testng.TestNGProvider.invoke(TestNGProvider.java:106)
at java.base/jdk.internal.reflect.DirectMethodHandleAccessor.invoke(DirectMethodHandleAccessor.java:104)
at java.base/java.lang.reflect.Method.invoke(Method.java:578)
at org.apache.maven.surefire.util.ReflectionUtils.invokeMethodWithArray(ReflectionUtils.java:189)
at org.apache.maven.surefire.booter.ProviderFactory$ProviderProxy.invoke(ProviderFactory.java:165)
at org.apache.maven.surefire.booter.ProviderFactory.invokeProvider(ProviderFactory.java:85)
at org.apache.maven.surefire.booter.ForkedBooter.runSuitesInProcess(ForkedBooter.java:115)
at org.apache.maven.surefire.booter.ForkedBooter.main(ForkedBooter.java:75)
]]>
    </error>
  </testcase> <!-- tearDown -->
  <system-out/>
  <testcase classname="appiumtest.AllegoiOSAppTest" name="testSimple" time="0.128"/>
  <system-out/>
</testsuite> <!-- appiumtest.AllegoiOSAppTest -->
